<?xml version="1.0" encoding="UTF-8"?>
<robot generator="Robot 3.1.2 (Python 3.7.0 on win32)" generated="20191124 12:37:55.244" rpa="false">
<suite id="s1" name="Demo1" source="F:\demorobot\tests\demo1.robot">
<test id="s1-t1" name="test case 1">
<kw name="navigate the app" library="common" type="setup">
<kw name="Open Browser" library="SeleniumLibrary">
<doc>Opens a new browser instance to the optional ``url``.</doc>
<arguments>
<arg>https://online.actitime.com/testyantra/login.do</arg>
<arg>chrome</arg>
</arguments>
<msg timestamp="20191124 12:37:55.544" level="INFO">Opening browser 'chrome' to base url 'https://online.actitime.com/testyantra/login.do'.</msg>
<status status="PASS" starttime="20191124 12:37:55.544" endtime="20191124 12:38:25.319"></status>
</kw>
<kw name="Maximize Browser Window" library="SeleniumLibrary">
<doc>Maximizes current browser window.</doc>
<status status="PASS" starttime="20191124 12:38:25.319" endtime="20191124 12:38:26.470"></status>
</kw>
<status status="PASS" starttime="20191124 12:37:55.544" endtime="20191124 12:38:26.470"></status>
</kw>
<kw name="login" library="actime">
<arguments>
<arg>${username}</arg>
<arg>${password}</arg>
</arguments>
<kw name="Enter username" library="LoginPage">
<arguments>
<arg>${username}</arg>
</arguments>
<kw name="Input Text" library="SeleniumLibrary">
<doc>Types the given ``text`` into the text field identified by ``locator``.</doc>
<arguments>
<arg>id=username</arg>
<arg>${username}</arg>
</arguments>
<msg timestamp="20191124 12:38:26.472" level="INFO">Typing text 'admin' into text field 'id=username'.</msg>
<status status="PASS" starttime="20191124 12:38:26.472" endtime="20191124 12:38:26.590"></status>
</kw>
<status status="PASS" starttime="20191124 12:38:26.472" endtime="20191124 12:38:26.591"></status>
</kw>
<kw name="Enter password" library="LoginPage">
<arguments>
<arg>${password}</arg>
</arguments>
<kw name="Input Text" library="SeleniumLibrary">
<doc>Types the given ``text`` into the text field identified by ``locator``.</doc>
<arguments>
<arg>name=pwd</arg>
<arg>${password}</arg>
</arguments>
<msg timestamp="20191124 12:38:26.593" level="INFO">Typing text 'manager' into text field 'name=pwd'.</msg>
<status status="PASS" starttime="20191124 12:38:26.593" endtime="20191124 12:38:26.738"></status>
</kw>
<status status="PASS" starttime="20191124 12:38:26.591" endtime="20191124 12:38:26.738"></status>
</kw>
<kw name="click login button" library="LoginPage">
<kw name="Click Link" library="SeleniumLibrary">
<doc>Clicks a link identified by ``locator``.</doc>
<arguments>
<arg>id=loginButton</arg>
</arguments>
<msg timestamp="20191124 12:38:26.739" level="INFO">Clicking link 'id=loginButton'.</msg>
<status status="PASS" starttime="20191124 12:38:26.739" endtime="20191124 12:38:26.838"></status>
</kw>
<status status="PASS" starttime="20191124 12:38:26.738" endtime="20191124 12:38:26.838"></status>
</kw>
<status status="PASS" starttime="20191124 12:38:26.471" endtime="20191124 12:38:26.839"></status>
</kw>
<kw name="close the brwoser" library="common" type="teardown">
<kw name="Sleep" library="BuiltIn">
<doc>Pauses the test executed for the given time.</doc>
<arguments>
<arg>3s</arg>
</arguments>
<msg timestamp="20191124 12:38:29.841" level="INFO">Slept 3 seconds</msg>
<status status="PASS" starttime="20191124 12:38:26.840" endtime="20191124 12:38:29.841"></status>
</kw>
<kw name="Close Browser" library="SeleniumLibrary">
<doc>Closes the current browser.</doc>
<status status="PASS" starttime="20191124 12:38:29.841" endtime="20191124 12:38:32.107"></status>
</kw>
<status status="PASS" starttime="20191124 12:38:26.839" endtime="20191124 12:38:32.108"></status>
</kw>
<tags>
<tag>sysyem</tag>
</tags>
<status status="PASS" starttime="20191124 12:37:55.544" endtime="20191124 12:38:32.108" critical="yes"></status>
</test>
<test id="s1-t2" name="test case 2">
<kw name="navigate the app" library="common" type="setup">
<kw name="Open Browser" library="SeleniumLibrary">
<doc>Opens a new browser instance to the optional ``url``.</doc>
<arguments>
<arg>https://online.actitime.com/testyantra/login.do</arg>
<arg>chrome</arg>
</arguments>
<msg timestamp="20191124 12:38:32.112" level="INFO">Opening browser 'chrome' to base url 'https://online.actitime.com/testyantra/login.do'.</msg>
<status status="PASS" starttime="20191124 12:38:32.111" endtime="20191124 12:38:57.165"></status>
</kw>
<kw name="Maximize Browser Window" library="SeleniumLibrary">
<doc>Maximizes current browser window.</doc>
<status status="PASS" starttime="20191124 12:38:57.166" endtime="20191124 12:38:58.286"></status>
</kw>
<status status="PASS" starttime="20191124 12:38:32.111" endtime="20191124 12:38:58.287"></status>
</kw>
<kw name="login" library="actime">
<arguments>
<arg>${username}</arg>
<arg>${password}</arg>
</arguments>
<kw name="Enter username" library="LoginPage">
<arguments>
<arg>${username}</arg>
</arguments>
<kw name="Input Text" library="SeleniumLibrary">
<doc>Types the given ``text`` into the text field identified by ``locator``.</doc>
<arguments>
<arg>id=username</arg>
<arg>${username}</arg>
</arguments>
<msg timestamp="20191124 12:38:58.289" level="INFO">Typing text 'admin' into text field 'id=username'.</msg>
<status status="PASS" starttime="20191124 12:38:58.288" endtime="20191124 12:38:58.404"></status>
</kw>
<status status="PASS" starttime="20191124 12:38:58.288" endtime="20191124 12:38:58.404"></status>
</kw>
<kw name="Enter password" library="LoginPage">
<arguments>
<arg>${password}</arg>
</arguments>
<kw name="Input Text" library="SeleniumLibrary">
<doc>Types the given ``text`` into the text field identified by ``locator``.</doc>
<arguments>
<arg>name=pwd</arg>
<arg>${password}</arg>
</arguments>
<msg timestamp="20191124 12:38:58.405" level="INFO">Typing text 'manager' into text field 'name=pwd'.</msg>
<status status="PASS" starttime="20191124 12:38:58.405" endtime="20191124 12:38:58.555"></status>
</kw>
<status status="PASS" starttime="20191124 12:38:58.404" endtime="20191124 12:38:58.556"></status>
</kw>
<kw name="click login button" library="LoginPage">
<kw name="Click Link" library="SeleniumLibrary">
<doc>Clicks a link identified by ``locator``.</doc>
<arguments>
<arg>id=loginButton</arg>
</arguments>
<msg timestamp="20191124 12:38:58.557" level="INFO">Clicking link 'id=loginButton'.</msg>
<status status="PASS" starttime="20191124 12:38:58.557" endtime="20191124 12:38:58.659"></status>
</kw>
<status status="PASS" starttime="20191124 12:38:58.556" endtime="20191124 12:38:58.659"></status>
</kw>
<status status="PASS" starttime="20191124 12:38:58.287" endtime="20191124 12:38:58.660"></status>
</kw>
<kw name="click tasks" library="actime">
<kw name="click on task" library="HomePage">
<kw name="Wait Until Element Is Visible" library="SeleniumLibrary">
<doc>Waits until the element ``locator`` is visible.</doc>
<arguments>
<arg>xpath=//a[@class="content tasks"]</arg>
<arg>timeout=30</arg>
</arguments>
<status status="PASS" starttime="20191124 12:38:58.662" endtime="20191124 12:39:05.400"></status>
</kw>
<kw name="Click Link" library="SeleniumLibrary">
<doc>Clicks a link identified by ``locator``.</doc>
<arguments>
<arg>xpath=//a[@class="content tasks"]</arg>
</arguments>
<msg timestamp="20191124 12:39:05.400" level="INFO">Clicking link 'xpath=//a[@class="content tasks"]'.</msg>
<status status="PASS" starttime="20191124 12:39:05.400" endtime="20191124 12:39:08.770"></status>
</kw>
<kw name="Click Element" library="SeleniumLibrary">
<doc>Click the element identified by ``locator``.</doc>
<arguments>
<arg>xpath=//div[@class='title ellipsis']</arg>
</arguments>
<msg timestamp="20191124 12:39:08.771" level="INFO">Clicking element 'xpath=//div[@class='title ellipsis']'.</msg>
<status status="PASS" starttime="20191124 12:39:08.771" endtime="20191124 12:39:09.015"></status>
</kw>
<kw name="Get Title" library="SeleniumLibrary">
<doc>Returns the title of the current page.</doc>
<assign>
<var>${Title}</var>
</assign>
<msg timestamp="20191124 12:39:09.035" level="INFO">${Title} = actiTIME - Task List</msg>
<status status="PASS" starttime="20191124 12:39:09.016" endtime="20191124 12:39:09.036"></status>
</kw>
<kw name="Log" library="BuiltIn">
<doc>Logs the given message with the given level.</doc>
<arguments>
<arg>${Title}</arg>
</arguments>
<msg timestamp="20191124 12:39:09.037" level="INFO">actiTIME - Task List</msg>
<status status="PASS" starttime="20191124 12:39:09.036" endtime="20191124 12:39:09.037"></status>
</kw>
<status status="PASS" starttime="20191124 12:38:58.661" endtime="20191124 12:39:09.037"></status>
</kw>
<status status="PASS" starttime="20191124 12:38:58.660" endtime="20191124 12:39:09.037"></status>
</kw>
<kw name="create customer" library="actime">
<kw name="click add new" library="TaskPage">
<kw name="Click Element" library="SeleniumLibrary">
<doc>Click the element identified by ``locator``.</doc>
<arguments>
<arg>xpath=//div[@class='item createNewCustomer']</arg>
</arguments>
<msg timestamp="20191124 12:39:09.039" level="INFO">Clicking element 'xpath=//div[@class='item createNewCustomer']'.</msg>
<status status="PASS" starttime="20191124 12:39:09.039" endtime="20191124 12:39:09.266"></status>
</kw>
<status status="PASS" starttime="20191124 12:39:09.038" endtime="20191124 12:39:09.267"></status>
</kw>
<kw name="Enter customername" library="NewCustomerPage">
<kw name="Sleep" library="BuiltIn">
<doc>Pauses the test executed for the given time.</doc>
<arguments>
<arg>3s</arg>
</arguments>
<msg timestamp="20191124 12:39:12.269" level="INFO">Slept 3 seconds</msg>
<status status="PASS" starttime="20191124 12:39:09.268" endtime="20191124 12:39:12.269"></status>
</kw>
<kw name="Input Text" library="SeleniumLibrary">
<doc>Types the given ``text`` into the text field identified by ``locator``.</doc>
<arguments>
<arg>xpath=//input[@class='inputFieldWithPlaceholder newNameField inputNameField']</arg>
<arg>demonameof1</arg>
</arguments>
<msg timestamp="20191124 12:39:12.270" level="INFO">Typing text 'demonameof1' into text field 'xpath=//input[@class='inputFieldWithPlaceholder newNameField inputNameField']'.</msg>
<status status="PASS" starttime="20191124 12:39:12.269" endtime="20191124 12:39:12.734"></status>
</kw>
<status status="PASS" starttime="20191124 12:39:09.267" endtime="20191124 12:39:12.734"></status>
</kw>
<status status="PASS" starttime="20191124 12:39:09.038" endtime="20191124 12:39:12.735"></status>
</kw>
<kw name="close the brwoser" library="common" type="teardown">
<kw name="Sleep" library="BuiltIn">
<doc>Pauses the test executed for the given time.</doc>
<arguments>
<arg>3s</arg>
</arguments>
<msg timestamp="20191124 12:39:15.738" level="INFO">Slept 3 seconds</msg>
<status status="PASS" starttime="20191124 12:39:12.736" endtime="20191124 12:39:15.738"></status>
</kw>
<kw name="Close Browser" library="SeleniumLibrary">
<doc>Closes the current browser.</doc>
<status status="PASS" starttime="20191124 12:39:15.738" endtime="20191124 12:39:18.020"></status>
</kw>
<status status="PASS" starttime="20191124 12:39:12.736" endtime="20191124 12:39:18.020"></status>
</kw>
<tags>
<tag>system</tag>
</tags>
<status status="PASS" starttime="20191124 12:38:32.110" endtime="20191124 12:39:18.021" critical="yes"></status>
</test>
<test id="s1-t3" name="test case 3">
<kw name="navigate the app" library="common" type="setup">
<kw name="Open Browser" library="SeleniumLibrary">
<doc>Opens a new browser instance to the optional ``url``.</doc>
<arguments>
<arg>https://online.actitime.com/testyantra/login.do</arg>
<arg>chrome</arg>
</arguments>
<msg timestamp="20191124 12:39:18.024" level="INFO">Opening browser 'chrome' to base url 'https://online.actitime.com/testyantra/login.do'.</msg>
<status status="PASS" starttime="20191124 12:39:18.024" endtime="20191124 12:39:33.057"></status>
</kw>
<kw name="Maximize Browser Window" library="SeleniumLibrary">
<doc>Maximizes current browser window.</doc>
<status status="PASS" starttime="20191124 12:39:33.058" endtime="20191124 12:39:34.188"></status>
</kw>
<status status="PASS" starttime="20191124 12:39:18.023" endtime="20191124 12:39:34.188"></status>
</kw>
<kw name="login" library="actime">
<arguments>
<arg>${username}</arg>
<arg>${password}</arg>
</arguments>
<kw name="Enter username" library="LoginPage">
<arguments>
<arg>${username}</arg>
</arguments>
<kw name="Input Text" library="SeleniumLibrary">
<doc>Types the given ``text`` into the text field identified by ``locator``.</doc>
<arguments>
<arg>id=username</arg>
<arg>${username}</arg>
</arguments>
<msg timestamp="20191124 12:39:34.193" level="INFO">Typing text 'admin' into text field 'id=username'.</msg>
<status status="PASS" starttime="20191124 12:39:34.193" endtime="20191124 12:39:34.335"></status>
</kw>
<status status="PASS" starttime="20191124 12:39:34.191" endtime="20191124 12:39:34.335"></status>
</kw>
<kw name="Enter password" library="LoginPage">
<arguments>
<arg>${password}</arg>
</arguments>
<kw name="Input Text" library="SeleniumLibrary">
<doc>Types the given ``text`` into the text field identified by ``locator``.</doc>
<arguments>
<arg>name=pwd</arg>
<arg>${password}</arg>
</arguments>
<msg timestamp="20191124 12:39:34.336" level="INFO">Typing text 'manager' into text field 'name=pwd'.</msg>
<status status="PASS" starttime="20191124 12:39:34.335" endtime="20191124 12:39:34.501"></status>
</kw>
<status status="PASS" starttime="20191124 12:39:34.335" endtime="20191124 12:39:34.502"></status>
</kw>
<kw name="click login button" library="LoginPage">
<kw name="Click Link" library="SeleniumLibrary">
<doc>Clicks a link identified by ``locator``.</doc>
<arguments>
<arg>id=loginButton</arg>
</arguments>
<msg timestamp="20191124 12:39:34.503" level="INFO">Clicking link 'id=loginButton'.</msg>
<status status="PASS" starttime="20191124 12:39:34.503" endtime="20191124 12:39:34.609"></status>
</kw>
<status status="PASS" starttime="20191124 12:39:34.502" endtime="20191124 12:39:34.609"></status>
</kw>
<status status="PASS" starttime="20191124 12:39:34.189" endtime="20191124 12:39:34.609"></status>
</kw>
<kw name="click tasks" library="actime">
<kw name="click on task" library="HomePage">
<kw name="Wait Until Element Is Visible" library="SeleniumLibrary">
<doc>Waits until the element ``locator`` is visible.</doc>
<arguments>
<arg>xpath=//a[@class="content tasks"]</arg>
<arg>timeout=30</arg>
</arguments>
<status status="PASS" starttime="20191124 12:39:34.612" endtime="20191124 12:39:40.812"></status>
</kw>
<kw name="Click Link" library="SeleniumLibrary">
<doc>Clicks a link identified by ``locator``.</doc>
<arguments>
<arg>xpath=//a[@class="content tasks"]</arg>
</arguments>
<msg timestamp="20191124 12:39:40.812" level="INFO">Clicking link 'xpath=//a[@class="content tasks"]'.</msg>
<status status="PASS" starttime="20191124 12:39:40.812" endtime="20191124 12:39:43.346"></status>
</kw>
<kw name="Click Element" library="SeleniumLibrary">
<doc>Click the element identified by ``locator``.</doc>
<arguments>
<arg>xpath=//div[@class='title ellipsis']</arg>
</arguments>
<msg timestamp="20191124 12:39:43.347" level="INFO">Clicking element 'xpath=//div[@class='title ellipsis']'.</msg>
<status status="PASS" starttime="20191124 12:39:43.346" endtime="20191124 12:39:43.659"></status>
</kw>
<kw name="Get Title" library="SeleniumLibrary">
<doc>Returns the title of the current page.</doc>
<assign>
<var>${Title}</var>
</assign>
<msg timestamp="20191124 12:39:43.684" level="INFO">${Title} = actiTIME - Task List</msg>
<status status="PASS" starttime="20191124 12:39:43.659" endtime="20191124 12:39:43.684"></status>
</kw>
<kw name="Log" library="BuiltIn">
<doc>Logs the given message with the given level.</doc>
<arguments>
<arg>${Title}</arg>
</arguments>
<msg timestamp="20191124 12:39:43.685" level="INFO">actiTIME - Task List</msg>
<status status="PASS" starttime="20191124 12:39:43.685" endtime="20191124 12:39:43.686"></status>
</kw>
<status status="PASS" starttime="20191124 12:39:34.612" endtime="20191124 12:39:43.686"></status>
</kw>
<status status="PASS" starttime="20191124 12:39:34.610" endtime="20191124 12:39:43.686"></status>
</kw>
<kw name="create project" library="actime">
<kw name="Click Element" library="SeleniumLibrary">
<doc>Click the element identified by ``locator``.</doc>
<arguments>
<arg>xpath=//div[@class='item createNewProject']</arg>
</arguments>
<msg timestamp="20191124 12:39:43.688" level="INFO">Clicking element 'xpath=//div[@class='item createNewProject']'.</msg>
<status status="PASS" starttime="20191124 12:39:43.688" endtime="20191124 12:39:44.452"></status>
</kw>
<kw name="Sleep" library="BuiltIn">
<doc>Pauses the test executed for the given time.</doc>
<arguments>
<arg>3s</arg>
</arguments>
<msg timestamp="20191124 12:39:47.455" level="INFO">Slept 3 seconds</msg>
<status status="PASS" starttime="20191124 12:39:44.452" endtime="20191124 12:39:47.455"></status>
</kw>
<kw name="Input Text" library="SeleniumLibrary">
<doc>Types the given ``text`` into the text field identified by ``locator``.</doc>
<arguments>
<arg>xpath=//input[@class='projectNameField inputFieldWithPlaceholder inputNameField']</arg>
<arg>demoproject1</arg>
</arguments>
<msg timestamp="20191124 12:39:47.456" level="INFO">Typing text 'demoproject1' into text field 'xpath=//input[@class='projectNameField inputFieldWithPlaceholder inputNameField']'.</msg>
<status status="PASS" starttime="20191124 12:39:47.456" endtime="20191124 12:39:48.040"></status>
</kw>
<status status="PASS" starttime="20191124 12:39:43.687" endtime="20191124 12:39:48.040"></status>
</kw>
<kw name="close the brwoser" library="common" type="teardown">
<kw name="Sleep" library="BuiltIn">
<doc>Pauses the test executed for the given time.</doc>
<arguments>
<arg>3s</arg>
</arguments>
<msg timestamp="20191124 12:39:51.043" level="INFO">Slept 3 seconds</msg>
<status status="PASS" starttime="20191124 12:39:48.042" endtime="20191124 12:39:51.043"></status>
</kw>
<kw name="Close Browser" library="SeleniumLibrary">
<doc>Closes the current browser.</doc>
<status status="PASS" starttime="20191124 12:39:51.043" endtime="20191124 12:39:53.340"></status>
</kw>
<status status="PASS" starttime="20191124 12:39:48.041" endtime="20191124 12:39:53.340"></status>
</kw>
<tags>
<tag>system</tag>
</tags>
<status status="PASS" starttime="20191124 12:39:18.022" endtime="20191124 12:39:53.341" critical="yes"></status>
</test>
<status status="PASS" starttime="20191124 12:37:55.248" endtime="20191124 12:39:53.343"></status>
</suite>
<statistics>
<total>
<stat pass="3" fail="0">Critical Tests</stat>
<stat pass="3" fail="0">All Tests</stat>
</total>
<tag>
<stat pass="2" fail="0">system</stat>
<stat pass="1" fail="0">sysyem</stat>
</tag>
<suite>
<stat pass="3" fail="0" id="s1" name="Demo1">Demo1</stat>
</suite>
</statistics>
<errors>
<msg timestamp="20191124 12:37:55.528" level="ERROR">Error in resource file 'F:\demorobot\resources\actime.robot': Creating keyword '"""' failed: Keyword with same name defined multiple times.</msg>
</errors>
</robot>
